This file contains any messages produced by compilers while
running configure, to aid debugging if configure makes a mistake.

It was created by amiws configure 1.0.0, which was
generated by GNU Autoconf 2.69.  Invocation command line was

  $ ./configure 

## --------- ##
## Platform. ##
## --------- ##

hostname = macmini
uname -m = x86_64
uname -r = 16.7.0
uname -s = Darwin
uname -v = Darwin Kernel Version 16.7.0: Thu Jun 15 17:36:27 PDT 2017; root:xnu-3789.70.16~2/RELEASE_X86_64

/usr/bin/uname -p = i386
/bin/uname -X     = unknown

/bin/arch              = unknown
/usr/bin/arch -k       = unknown
/usr/convex/getsysinfo = unknown
/usr/bin/hostinfo      = Mach kernel version:
	 Darwin Kernel Version 16.7.0: Thu Jun 15 17:36:27 PDT 2017; root:xnu-3789.70.16~2/RELEASE_X86_64
Kernel configured for up to 4 processors.
2 processors are physically available.
4 processors are logically available.
Processor type: x86_64h (Intel x86-64h Haswell)
Processors active: 0 1 2 3
Primary memory available: 8.00 gigabytes
Default processor set: 319 tasks, 1442 threads, 4 processors
Load average: 1.85, Mach factor: 2.14
/bin/machine           = unknown
/usr/bin/oslevel       = unknown
/bin/universe          = unknown

PATH: /usr/local/opt/mysql@5.6/bin
PATH: /usr/local/opt/imagemagick@6/bin
PATH: /usr/local/opt/imagemagick@6/bin
PATH: /usr/local/opt/qt/bin
PATH: /Users/stas/.rvm/gems/ruby-2.3.0/bin
PATH: /Users/stas/.rvm/gems/ruby-2.3.0@global/bin
PATH: /Users/stas/.rvm/rubies/ruby-2.3.0/bin
PATH: /usr/local/bin
PATH: /usr/local/sbin
PATH: /usr/bin
PATH: /bin
PATH: /usr/sbin
PATH: /sbin
PATH: /usr/local/go/bin
PATH: /Users/stas/.rvm/bin
PATH: /Users/stas/.yadr/bin
PATH: /Users/stas/.yadr/bin/yadr
PATH: /Users/stas/.rvm/bin


## ----------- ##
## Core tests. ##
## ----------- ##

configure:2143: checking for a BSD-compatible install
configure:2211: result: /usr/local/bin/ginstall -c
configure:2222: checking whether build environment is sane
configure:2277: result: yes
configure:2428: checking for a thread-safe mkdir -p
configure:2467: result: /usr/local/bin/gmkdir -p
configure:2474: checking for gawk
configure:2504: result: no
configure:2474: checking for mawk
configure:2504: result: no
configure:2474: checking for nawk
configure:2504: result: no
configure:2474: checking for awk
configure:2490: found /usr/bin/awk
configure:2501: result: awk
configure:2512: checking whether make sets $(MAKE)
configure:2534: result: yes
configure:2563: checking whether make supports nested variables
configure:2580: result: yes
configure:2750: checking for ranlib
configure:2766: found /usr/bin/ranlib
configure:2777: result: ranlib
configure:2853: checking for gcc
configure:2869: found /usr/bin/gcc
configure:2880: result: gcc
configure:3109: checking for C compiler version
configure:3118: gcc --version >&5
Apple LLVM version 8.1.0 (clang-802.0.42)
Target: x86_64-apple-darwin16.7.0
Thread model: posix
InstalledDir: /Applications/Xcode.app/Contents/Developer/Toolchains/XcodeDefault.xctoolchain/usr/bin
Configured with: --prefix=/Applications/Xcode.app/Contents/Developer/usr --with-gxx-include-dir=/usr/include/c++/4.2.1
configure:3129: $? = 0
configure:3118: gcc -v >&5
Configured with: --prefix=/Applications/Xcode.app/Contents/Developer/usr --with-gxx-include-dir=/usr/include/c++/4.2.1
Apple LLVM version 8.1.0 (clang-802.0.42)
Target: x86_64-apple-darwin16.7.0
Thread model: posix
InstalledDir: /Applications/Xcode.app/Contents/Developer/Toolchains/XcodeDefault.xctoolchain/usr/bin
configure:3129: $? = 0
configure:3118: gcc -V >&5
clang: error: argument to '-V' is missing (expected 1 value)
clang: error: no input files
configure:3129: $? = 1
configure:3118: gcc -qversion >&5
clang: error: unknown argument: '-qversion'
clang: error: no input files
configure:3129: $? = 1
configure:3149: checking whether the C compiler works
configure:3171: gcc    conftest.c  >&5
configure:3175: $? = 0
configure:3223: result: yes
configure:3226: checking for C compiler default output file name
configure:3228: result: a.out
configure:3234: checking for suffix of executables
configure:3241: gcc -o conftest    conftest.c  >&5
configure:3245: $? = 0
configure:3267: result: 
configure:3289: checking whether we are cross compiling
configure:3297: gcc -o conftest    conftest.c  >&5
configure:3301: $? = 0
configure:3308: ./conftest
configure:3312: $? = 0
configure:3327: result: no
configure:3332: checking for suffix of object files
configure:3354: gcc -c   conftest.c >&5
configure:3358: $? = 0
configure:3379: result: o
configure:3383: checking whether we are using the GNU C compiler
configure:3402: gcc -c   conftest.c >&5
configure:3402: $? = 0
configure:3411: result: yes
configure:3420: checking whether gcc accepts -g
configure:3440: gcc -c -g  conftest.c >&5
configure:3440: $? = 0
configure:3481: result: yes
configure:3498: checking for gcc option to accept ISO C89
configure:3561: gcc  -c -g -O2  conftest.c >&5
configure:3561: $? = 0
configure:3574: result: none needed
configure:3599: checking whether gcc understands -c and -o together
configure:3621: gcc -c conftest.c -o conftest2.o
configure:3624: $? = 0
configure:3621: gcc -c conftest.c -o conftest2.o
configure:3624: $? = 0
configure:3636: result: yes
configure:3664: checking for style of include used by make
configure:3692: result: GNU
configure:3718: checking dependency style of gcc
configure:3829: result: gcc3
configure:3848: checking for gcc option to accept ISO C99
configure:3997: gcc  -c -g -O2  conftest.c >&5
configure:3997: $? = 0
configure:4010: result: none needed
configure:4118: checking for gcc option to accept ISO Standard C
configure:4129: result: none needed
configure:4146: checking for yaml_parser_initialize in -lyaml
configure:4171: gcc -o conftest -g -O2   conftest.c -lyaml   >&5
configure:4171: $? = 0
configure:4180: result: yes
configure:4330: checking how to run the C preprocessor
configure:4361: gcc -E  conftest.c
configure:4361: $? = 0
configure:4375: gcc -E  conftest.c
conftest.c:12:10: fatal error: 'ac_nonexistent.h' file not found
#include <ac_nonexistent.h>
         ^
1 error generated.
configure:4375: $? = 1
configure: failed program was:
| /* confdefs.h */
| #define PACKAGE_NAME "amiws"
| #define PACKAGE_TARNAME "amiws"
| #define PACKAGE_VERSION "1.0.0"
| #define PACKAGE_STRING "amiws 1.0.0"
| #define PACKAGE_BUGREPORT "staskobzar@gmail.com"
| #define PACKAGE_URL ""
| #define PACKAGE "amiws"
| #define VERSION "1.0.0"
| #define HAVE_LIBYAML 1
| /* end confdefs.h.  */
| #include <ac_nonexistent.h>
configure:4400: result: gcc -E
configure:4420: gcc -E  conftest.c
configure:4420: $? = 0
configure:4434: gcc -E  conftest.c
conftest.c:12:10: fatal error: 'ac_nonexistent.h' file not found
#include <ac_nonexistent.h>
         ^
1 error generated.
configure:4434: $? = 1
configure: failed program was:
| /* confdefs.h */
| #define PACKAGE_NAME "amiws"
| #define PACKAGE_TARNAME "amiws"
| #define PACKAGE_VERSION "1.0.0"
| #define PACKAGE_STRING "amiws 1.0.0"
| #define PACKAGE_BUGREPORT "staskobzar@gmail.com"
| #define PACKAGE_URL ""
| #define PACKAGE "amiws"
| #define VERSION "1.0.0"
| #define HAVE_LIBYAML 1
| /* end confdefs.h.  */
| #include <ac_nonexistent.h>
configure:4463: checking for grep that handles long lines and -e
configure:4521: result: /usr/bin/grep
configure:4526: checking for egrep
configure:4588: result: /usr/bin/grep -E
configure:4593: checking for ANSI C header files
configure:4613: gcc -c -g -O2  conftest.c >&5
configure:4613: $? = 0
configure:4686: gcc -o conftest -g -O2   conftest.c -lyaml  >&5
configure:4686: $? = 0
configure:4686: ./conftest
configure:4686: $? = 0
configure:4697: result: yes
configure:4710: checking for sys/types.h
configure:4710: gcc -c -g -O2  conftest.c >&5
configure:4710: $? = 0
configure:4710: result: yes
configure:4710: checking for sys/stat.h
configure:4710: gcc -c -g -O2  conftest.c >&5
configure:4710: $? = 0
configure:4710: result: yes
configure:4710: checking for stdlib.h
configure:4710: gcc -c -g -O2  conftest.c >&5
configure:4710: $? = 0
configure:4710: result: yes
configure:4710: checking for string.h
configure:4710: gcc -c -g -O2  conftest.c >&5
configure:4710: $? = 0
configure:4710: result: yes
configure:4710: checking for memory.h
configure:4710: gcc -c -g -O2  conftest.c >&5
configure:4710: $? = 0
configure:4710: result: yes
configure:4710: checking for strings.h
configure:4710: gcc -c -g -O2  conftest.c >&5
configure:4710: $? = 0
configure:4710: result: yes
configure:4710: checking for inttypes.h
configure:4710: gcc -c -g -O2  conftest.c >&5
configure:4710: $? = 0
configure:4710: result: yes
configure:4710: checking for stdint.h
configure:4710: gcc -c -g -O2  conftest.c >&5
configure:4710: $? = 0
configure:4710: result: yes
configure:4710: checking for unistd.h
configure:4710: gcc -c -g -O2  conftest.c >&5
configure:4710: $? = 0
configure:4710: result: yes
configure:4722: checking syslog.h usability
configure:4722: gcc -c -g -O2  conftest.c >&5
configure:4722: $? = 0
configure:4722: result: yes
configure:4722: checking syslog.h presence
configure:4722: gcc -E  conftest.c
configure:4722: $? = 0
configure:4722: result: yes
configure:4722: checking for syslog.h
configure:4722: result: yes
configure:4783: checking for ar
configure:4799: found /usr/bin/ar
configure:4810: result: ar
configure:4836: checking the archiver (ar) interface
configure:4852: gcc -c -g -O2  conftest.c >&5
configure:4852: $? = 0
configure:4854: ar cru libconftest.a conftest.o >&5
configure:4857: $? = 0
configure:4885: result: ar
configure:4915: checking for gawk
configure:4942: result: awk
configure:5063: checking that generated files are newer than configure
configure:5069: result: done
configure:5092: creating ./config.status

## ---------------------- ##
## Running config.status. ##
## ---------------------- ##

This file was extended by amiws config.status 1.0.0, which was
generated by GNU Autoconf 2.69.  Invocation command line was

  CONFIG_FILES    = 
  CONFIG_HEADERS  = 
  CONFIG_LINKS    = 
  CONFIG_COMMANDS = 
  $ ./config.status 

on macmini

config.status:863: creating Makefile
config.status:863: creating doc/Doxyfile
config.status:863: creating doc/Makefile
config.status:863: creating src/Makefile
config.status:863: creating src/lib/Makefile
config.status:863: creating test/Makefile
config.status:863: creating config.h
config.status:1044: config.h is unchanged
config.status:1092: executing depfiles commands

## ---------------- ##
## Cache variables. ##
## ---------------- ##

ac_cv_c_compiler_gnu=yes
ac_cv_env_CC_set=
ac_cv_env_CC_value=
ac_cv_env_CFLAGS_set=
ac_cv_env_CFLAGS_value=
ac_cv_env_CPPFLAGS_set=
ac_cv_env_CPPFLAGS_value=
ac_cv_env_CPP_set=
ac_cv_env_CPP_value=
ac_cv_env_LDFLAGS_set=
ac_cv_env_LDFLAGS_value=
ac_cv_env_LIBS_set=
ac_cv_env_LIBS_value=
ac_cv_env_build_alias_set=
ac_cv_env_build_alias_value=
ac_cv_env_host_alias_set=
ac_cv_env_host_alias_value=
ac_cv_env_target_alias_set=
ac_cv_env_target_alias_value=
ac_cv_header_inttypes_h=yes
ac_cv_header_memory_h=yes
ac_cv_header_stdc=yes
ac_cv_header_stdint_h=yes
ac_cv_header_stdlib_h=yes
ac_cv_header_string_h=yes
ac_cv_header_strings_h=yes
ac_cv_header_sys_stat_h=yes
ac_cv_header_sys_types_h=yes
ac_cv_header_syslog_h=yes
ac_cv_header_unistd_h=yes
ac_cv_lib_yaml_yaml_parser_initialize=yes
ac_cv_objext=o
ac_cv_path_EGREP='/usr/bin/grep -E'
ac_cv_path_GREP=/usr/bin/grep
ac_cv_path_install='/usr/local/bin/ginstall -c'
ac_cv_path_mkdir=/usr/local/bin/gmkdir
ac_cv_prog_AWK=awk
ac_cv_prog_CPP='gcc -E'
ac_cv_prog_ac_ct_AR=ar
ac_cv_prog_ac_ct_CC=gcc
ac_cv_prog_ac_ct_RANLIB=ranlib
ac_cv_prog_cc_c89=
ac_cv_prog_cc_c99=
ac_cv_prog_cc_g=yes
ac_cv_prog_cc_stdc=
ac_cv_prog_make_make_set=yes
am_cv_CC_dependencies_compiler_type=gcc3
am_cv_ar_interface=ar
am_cv_make_support_nested_variables=yes
am_cv_prog_cc_c_o=yes

## ----------------- ##
## Output variables. ##
## ----------------- ##

ACLOCAL='${SHELL} /Users/stas/dev/amiws/missing aclocal-1.15'
AMDEPBACKSLASH='\'
AMDEP_FALSE='#'
AMDEP_TRUE=''
AMTAR='$${TAR-tar}'
AM_BACKSLASH='\'
AM_CPPFLAGS=''
AM_DEFAULT_V='$(AM_DEFAULT_VERBOSITY)'
AM_DEFAULT_VERBOSITY='1'
AM_V='$(V)'
AR='ar'
AUTOCONF='${SHELL} /Users/stas/dev/amiws/missing autoconf'
AUTOHEADER='${SHELL} /Users/stas/dev/amiws/missing autoheader'
AUTOMAKE='${SHELL} /Users/stas/dev/amiws/missing automake-1.15'
AWK='awk'
CC='gcc'
CCDEPMODE='depmode=gcc3'
CFLAGS='-g -O2'
CPP='gcc -E'
CPPFLAGS=''
CYGPATH_W='echo'
DEFS='-DHAVE_CONFIG_H'
DEPDIR='.deps'
ECHO_C='\c'
ECHO_N=''
ECHO_T=''
EGREP='/usr/bin/grep -E'
EXEEXT=''
GREP='/usr/bin/grep'
INSTALL_DATA='${INSTALL} -m 644'
INSTALL_PROGRAM='${INSTALL}'
INSTALL_SCRIPT='${INSTALL}'
INSTALL_STRIP_PROGRAM='$(install_sh) -c -s'
LDFLAGS=''
LIBOBJS=''
LIBS='-lyaml '
LTLIBOBJS=''
MAKEINFO='${SHELL} /Users/stas/dev/amiws/missing makeinfo'
MKDIR_P='/usr/local/bin/gmkdir -p'
OBJEXT='o'
PACKAGE='amiws'
PACKAGE_BUGREPORT='staskobzar@gmail.com'
PACKAGE_NAME='amiws'
PACKAGE_STRING='amiws 1.0.0'
PACKAGE_TARNAME='amiws'
PACKAGE_URL=''
PACKAGE_VERSION='1.0.0'
PATH_SEPARATOR=':'
RANLIB='ranlib'
SET_MAKE=''
SHELL='/bin/sh'
STRIP=''
VERSION='1.0.0'
ac_ct_AR='ar'
ac_ct_CC='gcc'
am__EXEEXT_FALSE=''
am__EXEEXT_TRUE='#'
am__fastdepCC_FALSE='#'
am__fastdepCC_TRUE=''
am__include='include'
am__isrc=''
am__leading_dot='.'
am__nodep='_no'
am__quote=''
am__tar='$${TAR-tar} chof - "$$tardir"'
am__untar='$${TAR-tar} xf -'
bindir='${exec_prefix}/bin'
build_alias=''
datadir='${datarootdir}'
datarootdir='${prefix}/share'
docdir='${datarootdir}/doc/${PACKAGE_TARNAME}'
dvidir='${docdir}'
exec_prefix='${prefix}'
host_alias=''
htmldir='${docdir}'
includedir='${prefix}/include'
infodir='${datarootdir}/info'
install_sh='${SHELL} /Users/stas/dev/amiws/install-sh'
libdir='${exec_prefix}/lib'
libexecdir='${exec_prefix}/libexec'
localedir='${datarootdir}/locale'
localstatedir='${prefix}/var'
mandir='${datarootdir}/man'
mkdir_p='$(MKDIR_P)'
oldincludedir='/usr/include'
pdfdir='${docdir}'
prefix='/usr/local'
program_transform_name='s,x,x,'
psdir='${docdir}'
runstatedir='${localstatedir}/run'
sbindir='${exec_prefix}/sbin'
sharedstatedir='${prefix}/com'
sysconfdir='${prefix}/etc'
target_alias=''

## ----------- ##
## confdefs.h. ##
## ----------- ##

/* confdefs.h */
#define PACKAGE_NAME "amiws"
#define PACKAGE_TARNAME "amiws"
#define PACKAGE_VERSION "1.0.0"
#define PACKAGE_STRING "amiws 1.0.0"
#define PACKAGE_BUGREPORT "staskobzar@gmail.com"
#define PACKAGE_URL ""
#define PACKAGE "amiws"
#define VERSION "1.0.0"
#define HAVE_LIBYAML 1
#define STDC_HEADERS 1
#define HAVE_SYS_TYPES_H 1
#define HAVE_SYS_STAT_H 1
#define HAVE_STDLIB_H 1
#define HAVE_STRING_H 1
#define HAVE_MEMORY_H 1
#define HAVE_STRINGS_H 1
#define HAVE_INTTYPES_H 1
#define HAVE_STDINT_H 1
#define HAVE_UNISTD_H 1

configure: exit 0
